0 info it worked if it ends with ok
1 verbose cli [ 'C:\\Program Files (x86)\\nodejs\\node.exe',
1 verbose cli   'C:\\Program Files (x86)\\nodejs\\node_modules\\npm\\bin\\npm-cli.js',
1 verbose cli   'start' ]
2 info using npm@3.10.8
3 info using node@v6.9.1
4 verbose run-script [ 'prestart', 'start', 'poststart' ]
5 info lifecycle express-prototype@4.0.0~prestart: express-prototype@4.0.0
6 silly lifecycle express-prototype@4.0.0~prestart: no script for prestart, continuing
7 info lifecycle express-prototype@4.0.0~start: express-prototype@4.0.0
8 verbose lifecycle express-prototype@4.0.0~start: unsafe-perm in lifecycle true
9 verbose lifecycle express-prototype@4.0.0~start: PATH: C:\Program Files (x86)\nodejs\node_modules\npm\bin\node-gyp-bin;C:\Users\Mark.Barlow\GitHub\legalisation-prototype\node_modules\.bin;C:\Users\Mark.Barlow\AppData\Local\GitHub\PortableGit_63435a79518b44808827aa3194b76bea96231189\cmd;C:\Users\Mark.Barlow\AppData\Local\GitHub\PortableGit_63435a79518b44808827aa3194b76bea96231189\usr\bin;C:\Users\Mark.Barlow\AppData\Local\GitHub\PortableGit_63435a79518b44808827aa3194b76bea96231189\usr\share\git-tfs;C:\Users\Mark.Barlow\AppData\Local\Apps\2.0\55494K4W.YVR\W6DDNZXG.RAK\gith..tion_317444273a93ac29_0003.0003_7524e8363d96b294;C:\Users\Mark.Barlow\AppData\Local\GitHub\lfs-amd64_1.3.1;C:\ProgramData\Oracle\Java\javapath;C:\Ruby193\bin;C:\Windows\system32;C:\Windows;C:\Windows\System32\Wbem;C:\Windows\System32\WindowsPowerShell\v1.0\;C:\Program Files (x86)\Skype\Phone\;C:\Program Files (x86)\Heroku\bin;C:\Program Files (x86)\git\cmd;C:\Program Files (x86)\Git\cmd;C:\Program Files (x86)\nodejs\;\\u-kcs-nas01\users$\Mark.Barlow\Application Data\npm;C:\Windows\Microsoft.NET\Framework\v4.0.30319\
10 verbose lifecycle express-prototype@4.0.0~start: CWD: C:\Users\Mark.Barlow\GitHub\legalisation-prototype
11 silly lifecycle express-prototype@4.0.0~start: Args: [ '/d /s /c',
11 silly lifecycle   'if [ -d "node_modules" ]; then gulp; else echo \'gulp is missing - try running npm install\' ; fi' ]
12 silly lifecycle express-prototype@4.0.0~start: Returned: code: 1  signal: null
13 info lifecycle express-prototype@4.0.0~start: Failed to exec start script
14 verbose stack Error: express-prototype@4.0.0 start: `if [ -d "node_modules" ]; then gulp; else echo 'gulp is missing - try running npm install' ; fi`
14 verbose stack Exit status 1
14 verbose stack     at EventEmitter.<anonymous> (C:\Program Files (x86)\nodejs\node_modules\npm\lib\utils\lifecycle.js:255:16)
14 verbose stack     at emitTwo (events.js:106:13)
14 verbose stack     at EventEmitter.emit (events.js:191:7)
14 verbose stack     at ChildProcess.<anonymous> (C:\Program Files (x86)\nodejs\node_modules\npm\lib\utils\spawn.js:40:14)
14 verbose stack     at emitTwo (events.js:106:13)
14 verbose stack     at ChildProcess.emit (events.js:191:7)
14 verbose stack     at maybeClose (internal/child_process.js:877:16)
14 verbose stack     at Process.ChildProcess._handle.onexit (internal/child_process.js:226:5)
15 verbose pkgid express-prototype@4.0.0
16 verbose cwd C:\Users\Mark.Barlow\GitHub\legalisation-prototype
17 error Windows_NT 6.1.7601
18 error argv "C:\\Program Files (x86)\\nodejs\\node.exe" "C:\\Program Files (x86)\\nodejs\\node_modules\\npm\\bin\\npm-cli.js" "start"
19 error node v6.9.1
20 error npm  v3.10.8
21 error code ELIFECYCLE
22 error express-prototype@4.0.0 start: `if [ -d "node_modules" ]; then gulp; else echo 'gulp is missing - try running npm install' ; fi`
22 error Exit status 1
23 error Failed at the express-prototype@4.0.0 start script 'if [ -d "node_modules" ]; then gulp; else echo 'gulp is missing - try running npm install' ; fi'.
23 error Make sure you have the latest version of node.js and npm installed.
23 error If you do, this is most likely a problem with the express-prototype package,
23 error not with npm itself.
23 error Tell the author that this fails on your system:
23 error     if [ -d "node_modules" ]; then gulp; else echo 'gulp is missing - try running npm install' ; fi
23 error You can get information on how to open an issue for this project with:
23 error     npm bugs express-prototype
23 error Or if that isn't available, you can get their info via:
23 error     npm owner ls express-prototype
23 error There is likely additional logging output above.
24 verbose exit [ 1, true ]
